<?xml version="1.0" encoding="UTF-8"?>
<testsuites>
  <testsuite name="DeployTest" file="/Users/pablo/Workspace/tasker/tests/Unit/DeployTest.php" tests="3" assertions="2" failures="0" errors="1" time="0.100190">
    <testsuite name="DeployTest::testDeployShouldReturn200" tests="1" assertions="1" failures="0" errors="0" time="0.051020">
      <testcase name="testDeployShouldReturn200 with data set #0" assertions="1" time="0.051020"/>
    </testsuite>
    <testcase name="testGithubGetCommitShouldReturnAList" class="DeployTest" file="/Users/pablo/Workspace/tasker/tests/Unit/DeployTest.php" line="16" assertions="0" time="0.047512">
      <error type="PHPUnit_Framework_Error_Notice">DeployTest::testGithubGetCommitShouldReturnAList
Undefined property: stdClass::$user

/Users/pablo/Workspace/tasker/src/Models/Github.php:21
/Users/pablo/Workspace/tasker/tests/Unit/DeployTest.php:27
</error>
    </testcase>
    <testcase name="testValidate" class="DeployTest" file="/Users/pablo/Workspace/tasker/tests/Unit/DeployTest.php" line="14" assertions="1" time="0.001658"/>
  </testsuite>
</testsuites>
